<?xml version="1.0" encoding="UTF-8"?>
<!-- Generated by org.testng.reporters.JUnitReportReporter -->
<testsuite hostname="DESKTOP-C2QOHOE" failures="0" tests="2" name="com.mahesh.DemoTest" time="0.034" errors="0" timestamp="2021-05-17T20:55:28 IST" skipped="0">
  <testcase classname="com.mahesh.DemoTest" name="sum1" time="0.001"/>
  <system-out/>
  <testcase classname="com.mahesh.DemoTest" name="sum" time="0.033"/>
  <system-out/>
</testsuite> <!-- com.mahesh.DemoTest -->
