<?xml version="1.0" encoding="UTF-8"?>
<!-- Generated by org.testng.reporters.JUnitReportReporter -->
<testsuite hostname="DESKTOP-C2QOHOE" failures="0" tests="2" name="com.mahesh.DemoTest1" time="0.005" errors="0" timestamp="2021-05-17T20:55:28 IST" skipped="0">
  <testcase classname="com.mahesh.DemoTest1" name="sum1" time="0.003"/>
  <system-out/>
  <testcase classname="com.mahesh.DemoTest1" name="sum" time="0.002"/>
  <system-out/>
</testsuite> <!-- com.mahesh.DemoTest1 -->
